Determining if the pthread_create exist failed with the following output:
Change Dir: /mnt/c/Users/Pichau/Documents/git/smnptest/build/CMakeFiles/CMakeTmp

Run Build Command:"/usr/bin/make" "cmTC_7e845/fast"
make[1]: Entering directory '/mnt/c/Users/Pichau/Documents/git/smnptest/build/CMakeFiles/CMakeTmp'
/usr/bin/make -f CMakeFiles/cmTC_7e845.dir/build.make CMakeFiles/cmTC_7e845.dir/build
make[2]: Entering directory '/mnt/c/Users/Pichau/Documents/git/smnptest/build/CMakeFiles/CMakeTmp'
Building C object CMakeFiles/cmTC_7e845.dir/CheckSymbolExists.c.o
/usr/bin/cc    -o CMakeFiles/cmTC_7e845.dir/CheckSymbolExists.c.o   -c /mnt/c/Users/Pichau/Documents/git/smnptest/build/CMakeFiles/CMakeTmp/CheckSymbolExists.c
Linking C executable cmTC_7e845
/usr/bin/cmake -E cmake_link_script CMakeFiles/cmTC_7e845.dir/link.txt --verbose=1
/usr/bin/cc      CMakeFiles/cmTC_7e845.dir/CheckSymbolExists.c.o  -o cmTC_7e845 
CMakeFiles/cmTC_7e845.dir/CheckSymbolExists.c.o: In function `main':
CheckSymbolExists.c:(.text+0x1b): undefined reference to `pthread_create'
collect2: error: ld returned 1 exit status
CMakeFiles/cmTC_7e845.dir/build.make:97: recipe for target 'cmTC_7e845' failed
make[2]: *** [cmTC_7e845] Error 1
make[2]: Leaving directory '/mnt/c/Users/Pichau/Documents/git/smnptest/build/CMakeFiles/CMakeTmp'
Makefile:126: recipe for target 'cmTC_7e845/fast' failed
make[1]: *** [cmTC_7e845/fast] Error 2
make[1]: Leaving directory '/mnt/c/Users/Pichau/Documents/git/smnptest/build/CMakeFiles/CMakeTmp'

File /mnt/c/Users/Pichau/Documents/git/smnptest/build/CMakeFiles/CMakeTmp/CheckSymbolExists.c:
/* */
#include <pthread.h>

int main(int argc, char** argv)
{
  (void)argv;
#ifndef pthread_create
  return ((int*)(&pthread_create))[argc];
#else
  (void)argc;
  return 0;
#endif
}

Determining if the function pthread_create exists in the pthreads failed with the following output:
Change Dir: /mnt/c/Users/Pichau/Documents/git/smnptest/build/CMakeFiles/CMakeTmp

Run Build Command:"/usr/bin/make" "cmTC_37d67/fast"
make[1]: Entering directory '/mnt/c/Users/Pichau/Documents/git/smnptest/build/CMakeFiles/CMakeTmp'
/usr/bin/make -f CMakeFiles/cmTC_37d67.dir/build.make CMakeFiles/cmTC_37d67.dir/build
make[2]: Entering directory '/mnt/c/Users/Pichau/Documents/git/smnptest/build/CMakeFiles/CMakeTmp'
Building C object CMakeFiles/cmTC_37d67.dir/CheckFunctionExists.c.o
/usr/bin/cc   -DCHECK_FUNCTION_EXISTS=pthread_create   -o CMakeFiles/cmTC_37d67.dir/CheckFunctionExists.c.o   -c /usr/share/cmake-3.10/Modules/CheckFunctionExists.c
Linking C executable cmTC_37d67
/usr/bin/cmake -E cmake_link_script CMakeFiles/cmTC_37d67.dir/link.txt --verbose=1
/usr/bin/cc  -DCHECK_FUNCTION_EXISTS=pthread_create    CMakeFiles/cmTC_37d67.dir/CheckFunctionExists.c.o  -o cmTC_37d67 -lpthreads 
/usr/bin/ld: cannot find -lpthreads
collect2: error: ld returned 1 exit status
CMakeFiles/cmTC_37d67.dir/build.make:97: recipe for target 'cmTC_37d67' failed
make[2]: *** [cmTC_37d67] Error 1
make[2]: Leaving directory '/mnt/c/Users/Pichau/Documents/git/smnptest/build/CMakeFiles/CMakeTmp'
Makefile:126: recipe for target 'cmTC_37d67/fast' failed
make[1]: *** [cmTC_37d67/fast] Error 2
make[1]: Leaving directory '/mnt/c/Users/Pichau/Documents/git/smnptest/build/CMakeFiles/CMakeTmp'


